::1 - - [19/May/2019:03:08:18 +0000] "GET /users HTTP/1.1" 200 1067 "-" "PostmanRuntime/7.13.0"
::1 - - [19/May/2019:03:10:13 +0000] "GET /users HTTP/1.1" 200 1067
::1 - - [19/May/2019:03:10:38 +0000] "GET /package HTTP/1.1" 200 1002 "-" "PostmanRuntime/7.13.0"
::1 - - [19/May/2019:03:41:37 +0000] "GET /users HTTP/1.1" 200 1067 "-" "PostmanRuntime/7.13.0"
::1 - - [19/May/2019:09:11:41 +0000] "GET /packages HTTP/1.1" 404 147 "-" "PostmanRuntime/7.13.0"
::1 - - [19/May/2019:09:11:49 +0000] "GET /package HTTP/1.1" 200 1002 "-" "PostmanRuntime/7.13.0"
::1 - - [19/May/2019:09:12:13 +0000] "GET /package/name/Piligrimage HTTP/1.1" 200 318 "-" "PostmanRuntime/7.13.0"
::1 - - [19/May/2019:09:12:44 +0000] "GET /package HTTP/1.1" 200 1002 "-" "PostmanRuntime/7.13.0"
::1 - - [19/May/2019:09:13:26 +0000] "GET /package/name/Piligrimage HTTP/1.1" 200 318 "-" "PostmanRuntime/7.13.0"
::1 - - [19/May/2019:09:14:13 +0000] "GET /package/name/Cruise HTTP/1.1" 200 385 "-" "PostmanRuntime/7.13.0"
::1 - - [19/May/2019:09:14:27 +0000] "GET /package/name/Adventure%20Tourism HTTP/1.1" 200 301 "-" "PostmanRuntime/7.13.0"
::1 - - [19/May/2019:09:14:34 +0000] "GET /package/name/Adventure HTTP/1.1" 200 2 "-" "PostmanRuntime/7.13.0"
::1 - - [19/May/2019:09:29:13 +0000] "GET /package/name/Adventure HTTP/1.1" 200 2 "-" "PostmanRuntime/7.13.0"
::1 - - [19/May/2019:09:29:20 +0000] "GET /package/name/Cruise HTTP/1.1" 200 385 "-" "PostmanRuntime/7.13.0"
::1 - - [19/May/2019:09:29:41 +0000] "GET /package/name/Cruise HTTP/1.1" 200 385 "-" "PostmanRuntime/7.13.0"
::1 - - [19/May/2019:09:38:35 +0000] "GET /package/add HTTP/1.1" 404 150 "-" "PostmanRuntime/7.13.0"
::1 - - [19/May/2019:09:39:35 +0000] "GET /package/add HTTP/1.1" 404 150 "-" "PostmanRuntime/7.13.0"
::1 - - [19/May/2019:09:40:25 +0000] "GET /package/add HTTP/1.1" 404 150 "-" "PostmanRuntime/7.13.0"
::1 - - [19/May/2019:09:40:40 +0000] "POST /package/add HTTP/1.1" 200 52 "-" "PostmanRuntime/7.13.0"
::1 - - [19/May/2019:09:41:20 +0000] "GET /package HTTP/1.1" 200 1062 "-" "PostmanRuntime/7.13.0"
::1 - - [19/May/2019:09:44:25 +0000] "GET /package HTTP/1.1" 200 1002 "-" "PostmanRuntime/7.13.0"
::1 - - [19/May/2019:09:45:00 +0000] "POST /package/add HTTP/1.1" 200 52 "-" "PostmanRuntime/7.13.0"
::1 - - [19/May/2019:09:45:26 +0000] "GET /package HTTP/1.1" 200 1374 "-" "PostmanRuntime/7.13.0"
::1 - - [19/May/2019:09:59:50 +0000] "GET /package HTTP/1.1" 200 1374 "-" "PostmanRuntime/7.13.0"
::1 - - [19/May/2019:10:29:29 +0000] "GET /package/type/adventure HTTP/1.1" 200 2 "-" "PostmanRuntime/7.13.0"
::1 - - [19/May/2019:10:29:37 +0000] "GET /package/type/Adventure HTTP/1.1" 200 326 "-" "PostmanRuntime/7.13.0"
::1 - - [19/May/2019:10:54:35 +0000] "GET /package HTTP/1.1" 200 396 "-" "PostmanRuntime/7.13.0"
::1 - - [19/May/2019:10:55:42 +0000] "GET /package HTTP/1.1" 200 396 "-" "PostmanRuntime/7.13.0"
::1 - - [19/May/2019:10:57:00 +0000] "GET /package HTTP/1.1" 200 396 "-" "PostmanRuntime/7.13.0"
::1 - - [19/May/2019:10:57:59 +0000] "GET /package HTTP/1.1" 200 396 "-" "PostmanRuntime/7.13.0"
::1 - - [19/May/2019:10:59:52 +0000] "GET /package HTTP/1.1" 200 1503 "-" "PostmanRuntime/7.13.0"
::1 - - [19/May/2019:11:09:52 +0000] "POST /package/add HTTP/1.1" 400 1047 "-" "PostmanRuntime/7.13.0"
::1 - - [19/May/2019:11:10:47 +0000] "POST /package/add HTTP/1.1" 200 52 "-" "PostmanRuntime/7.13.0"
::1 - - [19/May/2019:11:11:02 +0000] "GET /package HTTP/1.1" 200 1782 "-" "PostmanRuntime/7.13.0"
::1 - - [19/May/2019:11:14:55 +0000] "GET /package/destination/Spain HTTP/1.1" 200 419 "-" "PostmanRuntime/7.13.0"
::1 - - [19/May/2019:11:15:14 +0000] "GET /package/destination/South%20Africa HTTP/1.1" 200 334 "-" "PostmanRuntime/7.13.0"
::1 - - [19/May/2019:11:20:55 +0000] "GET /package/destination/South%20Africa HTTP/1.1" 200 334 "-" "PostmanRuntime/7.13.0"
::1 - - [19/May/2019:11:21:27 +0000] "GET /package/type/PligrimagE HTTP/1.1" 200 2 "-" "PostmanRuntime/7.13.0"
::1 - - [19/May/2019:11:21:49 +0000] "GET /package/type/PiLigrimagE HTTP/1.1" 200 2 "-" "PostmanRuntime/7.13.0"
::1 - - [19/May/2019:11:23:09 +0000] "GET /package/type/PiLigrimagE HTTP/1.1" 200 2 "-" "PostmanRuntime/7.13.0"
::1 - - [19/May/2019:11:24:40 +0000] "POST /package/add HTTP/1.1" 200 52 "-" "PostmanRuntime/7.13.0"
::1 - - [19/May/2019:11:25:15 +0000] "GET /package/type/PiLigrimagE HTTP/1.1" 200 659 "-" "PostmanRuntime/7.13.0"
::1 - - [19/May/2019:12:21:17 +0000] "GET /package/ HTTP/1.1" 200 1811 "-" "PostmanRuntime/7.13.0"
::1 - - [19/May/2019:12:24:54 +0000] "PUT /package/id/5ce1259cc16cb61f902aaab2 HTTP/1.1" 404 174 "-" "PostmanRuntime/7.13.0"
::1 - - [19/May/2019:12:26:17 +0000] "POST /package/id/5ce1259cc16cb61f902aaab2 HTTP/1.1" 404 175 "-" "PostmanRuntime/7.13.0"
::1 - - [19/May/2019:12:26:52 +0000] "POST /package/id/5ce1259cc16cb61f902aaab2 HTTP/1.1" 404 175 "-" "PostmanRuntime/7.13.0"
::1 - - [19/May/2019:12:28:16 +0000] "PUT /package/update/id/5ce1259cc16cb61f902aaab2 HTTP/1.1" - - "-" "PostmanRuntime/7.13.0"
::1 - - [19/May/2019:12:32:07 +0000] "PUT /package/update/id/5ce1259cc16cb61f902aaab2 HTTP/1.1" 200 40 "-" "PostmanRuntime/7.13.0"
::1 - - [19/May/2019:12:40:02 +0000] "PUT /package/update/name/cosmoticsss%20surgery HTTP/1.1" 500 72 "-" "PostmanRuntime/7.13.0"
::1 - - [19/May/2019:12:52:57 +0000] "PUT /package/update/name/cosmoticsss%20surgery HTTP/1.1" 200 40 "-" "PostmanRuntime/7.13.0"
::1 - - [19/May/2019:13:22:07 +0000] "GET /package/delete/id/5ce157fd8f9a001898774ef1 HTTP/1.1" 404 181 "-" "PostmanRuntime/7.13.0"
::1 - - [19/May/2019:13:22:16 +0000] "DELETE /package/delete/id/5ce157fd8f9a001898774ef1 HTTP/1.1" 200 22 "-" "PostmanRuntime/7.13.0"
::1 - - [19/May/2019:13:35:31 +0000] "DELETE /package/delete/id/5ce15b708f9a001898774ef2 HTTP/1.1" 200 22 "-" "PostmanRuntime/7.13.0"
::1 - - [19/May/2019:13:38:09 +0000] "DELETE /package/delete/id/5ce15bdb8f9a001898774ef3 HTTP/1.1" 200 48 "-" "PostmanRuntime/7.13.0"
::1 - - [19/May/2019:13:42:55 +0000] "DELETE /package/delete/name/mike HTTP/1.1" 200 48 "-" "PostmanRuntime/7.13.0"
::1 - - [20/May/2019:07:15:47 +0000] "GET /api/booking HTTP/1.1" 401 2190 "-" "PostmanRuntime/7.1.1"
::1 - - [20/May/2019:07:19:33 +0000] "GET / HTTP/1.1" 401 2190 "-" "Mozilla/5.0 (Macintosh; Intel Mac OS X 10_13_6) AppleWebKit/537.36 (KHTML, like Gecko) Chrome/74.0.3729.131 Safari/537.36"
::1 - - [20/May/2019:07:37:24 +0000] "GET / HTTP/1.1" 401 2190 "-" "Mozilla/5.0 (Macintosh; Intel Mac OS X 10_13_6) AppleWebKit/537.36 (KHTML, like Gecko) Chrome/74.0.3729.131 Safari/537.36"
::1 - - [20/May/2019:07:38:53 +0000] "GET / HTTP/1.1" 401 2190 "-" "Mozilla/5.0 (Macintosh; Intel Mac OS X 10_13_6) AppleWebKit/537.36 (KHTML, like Gecko) Chrome/74.0.3729.131 Safari/537.36"
::1 - - [20/May/2019:07:40:24 +0000] "GET / HTTP/1.1" 404 139 "-" "Mozilla/5.0 (Macintosh; Intel Mac OS X 10_13_6) AppleWebKit/537.36 (KHTML, like Gecko) Chrome/74.0.3729.131 Safari/537.36"
::1 - - [20/May/2019:07:42:40 +0000] "GET / HTTP/1.1" 404 139 "-" "Mozilla/5.0 (Macintosh; Intel Mac OS X 10_13_6) AppleWebKit/537.36 (KHTML, like Gecko) Chrome/74.0.3729.131 Safari/537.36"
::1 - - [20/May/2019:07:43:29 +0000] "GET / HTTP/1.1" 404 139 "-" "Mozilla/5.0 (Macintosh; Intel Mac OS X 10_13_6) AppleWebKit/537.36 (KHTML, like Gecko) Chrome/74.0.3729.131 Safari/537.36"
::1 - - [20/May/2019:07:43:41 +0000] "GET /api/bookings HTTP/1.1" 200 32 "-" "Mozilla/5.0 (Macintosh; Intel Mac OS X 10_13_6) AppleWebKit/537.36 (KHTML, like Gecko) Chrome/74.0.3729.131 Safari/537.36"
::1 - - [20/May/2019:07:43:41 +0000] "GET /favicon.ico HTTP/1.1" 404 150 "http://localhost:4000/api/bookings" "Mozilla/5.0 (Macintosh; Intel Mac OS X 10_13_6) AppleWebKit/537.36 (KHTML, like Gecko) Chrome/74.0.3729.131 Safari/537.36"
::1 - - [20/May/2019:07:48:57 +0000] "GET /api/bookings HTTP/1.1" 200 32 "-" "PostmanRuntime/7.1.1"
::1 - - [20/May/2019:07:49:10 +0000] "POST /api/booking HTTP/1.1" 400 1046 "-" "PostmanRuntime/7.1.1"
::1 - - [20/May/2019:07:56:36 +0000] "POST /api/booking HTTP/1.1" 400 2 "-" "PostmanRuntime/7.1.1"
::1 - - [20/May/2019:07:58:27 +0000] "POST /api/booking HTTP/1.1" 400 2 "-" "PostmanRuntime/7.1.1"
::1 - - [20/May/2019:13:31:14 +0000] "POST /api/booking HTTP/1.1" 400 2 "-" "PostmanRuntime/7.1.1"
::1 - - [20/May/2019:13:33:18 +0000] "POST /api/booking HTTP/1.1" 400 2 "-" "PostmanRuntime/7.1.1"
::1 - - [20/May/2019:13:34:46 +0000] "POST /api/login HTTP/1.1" 404 149 "-" "PostmanRuntime/7.1.1"
::1 - - [20/May/2019:13:41:45 +0000] "OPTIONS /auth/login HTTP/1.1" 204 0 "http://localhost:4200/login" "Mozilla/5.0 (Macintosh; Intel Mac OS X 10_13_6) AppleWebKit/537.36 (KHTML, like Gecko) Chrome/74.0.3729.131 Safari/537.36"
::1 - - [20/May/2019:13:41:45 +0000] "POST /auth/login HTTP/1.1" 200 297 "http://localhost:4200/login" "Mozilla/5.0 (Macintosh; Intel Mac OS X 10_13_6) AppleWebKit/537.36 (KHTML, like Gecko) Chrome/74.0.3729.131 Safari/537.36"
::1 - - [20/May/2019:15:00:21 +0000] "OPTIONS /auth/login HTTP/1.1" 204 0 "http://localhost:4200/login" "Mozilla/5.0 (Macintosh; Intel Mac OS X 10_13_6) AppleWebKit/537.36 (KHTML, like Gecko) Chrome/74.0.3729.131 Safari/537.36"
::1 - - [20/May/2019:15:00:21 +0000] "POST /auth/login HTTP/1.1" 200 298 "http://localhost:4200/login" "Mozilla/5.0 (Macintosh; Intel Mac OS X 10_13_6) AppleWebKit/537.36 (KHTML, like Gecko) Chrome/74.0.3729.131 Safari/537.36"
::1 - - [20/May/2019:15:08:00 +0000] "OPTIONS /api/bookings HTTP/1.1" 204 0 "http://localhost:4200/viewBookings" "Mozilla/5.0 (Macintosh; Intel Mac OS X 10_13_6) AppleWebKit/537.36 (KHTML, like Gecko) Chrome/74.0.3729.131 Safari/537.36"
::1 - - [20/May/2019:15:08:00 +0000] "GET /api/bookings HTTP/1.1" 200 32 "http://localhost:4200/viewBookings" "Mozilla/5.0 (Macintosh; Intel Mac OS X 10_13_6) AppleWebKit/537.36 (KHTML, like Gecko) Chrome/74.0.3729.131 Safari/537.36"
::1 - - [20/May/2019:15:08:34 +0000] "OPTIONS /api/bookings HTTP/1.1" 204 0 "http://localhost:4200/viewBookings" "Mozilla/5.0 (Macintosh; Intel Mac OS X 10_13_6) AppleWebKit/537.36 (KHTML, like Gecko) Chrome/74.0.3729.131 Safari/537.36"
::1 - - [20/May/2019:15:08:34 +0000] "GET /api/bookings HTTP/1.1" 200 32 "http://localhost:4200/viewBookings" "Mozilla/5.0 (Macintosh; Intel Mac OS X 10_13_6) AppleWebKit/537.36 (KHTML, like Gecko) Chrome/74.0.3729.131 Safari/537.36"
::1 - - [20/May/2019:15:30:04 +0000] "POST /api/booking HTTP/1.1" 400 2 "-" "PostmanRuntime/7.1.1"
::1 - - [20/May/2019:15:34:31 +0000] "POST /api/booking HTTP/1.1" 400 2 "-" "PostmanRuntime/7.1.1"
::1 - - [20/May/2019:15:38:36 +0000] "POST /api/booking HTTP/1.1" 400 2 "-" "PostmanRuntime/7.1.1"
::1 - - [20/May/2019:15:39:17 +0000] "POST /api/booking HTTP/1.1" 400 2 "-" "PostmanRuntime/7.1.1"
::1 - - [20/May/2019:15:40:02 +0000] "POST /api/booking HTTP/1.1" 400 2 "-" "PostmanRuntime/7.1.1"
::1 - - [20/May/2019:15:41:18 +0000] "POST /api/booking HTTP/1.1" 400 2 "-" "PostmanRuntime/7.1.1"
::1 - - [20/May/2019:15:43:29 +0000] "POST /api/booking HTTP/1.1" 400 2 "-" "PostmanRuntime/7.1.1"
::1 - - [20/May/2019:15:51:33 +0000] "POST /api/booking HTTP/1.1" 400 2 "-" "PostmanRuntime/7.1.1"
::1 - - [20/May/2019:15:52:04 +0000] "POST /api/booking HTTP/1.1" 200 486 "-" "PostmanRuntime/7.1.1"
::1 - - [20/May/2019:15:52:37 +0000] "POST /api/booking HTTP/1.1" 200 486 "-" "PostmanRuntime/7.1.1"
::1 - - [20/May/2019:15:54:48 +0000] "OPTIONS /api/bookings HTTP/1.1" 204 0 "http://localhost:4200/viewBookings" "Mozilla/5.0 (Macintosh; Intel Mac OS X 10_13_6) AppleWebKit/537.36 (KHTML, like Gecko) Chrome/74.0.3729.131 Safari/537.36"
::1 - - [20/May/2019:15:54:48 +0000] "GET /api/bookings HTTP/1.1" 200 1402 "http://localhost:4200/viewBookings" "Mozilla/5.0 (Macintosh; Intel Mac OS X 10_13_6) AppleWebKit/537.36 (KHTML, like Gecko) Chrome/74.0.3729.131 Safari/537.36"
::1 - - [20/May/2019:16:00:03 +0000] "OPTIONS /api/bookings HTTP/1.1" 204 0 "http://localhost:4200/viewBookings" "Mozilla/5.0 (Macintosh; Intel Mac OS X 10_13_6) AppleWebKit/537.36 (KHTML, like Gecko) Chrome/74.0.3729.131 Safari/537.36"
::1 - - [20/May/2019:16:00:03 +0000] "GET /api/bookings HTTP/1.1" 200 1402 "http://localhost:4200/viewBookings" "Mozilla/5.0 (Macintosh; Intel Mac OS X 10_13_6) AppleWebKit/537.36 (KHTML, like Gecko) Chrome/74.0.3729.131 Safari/537.36"
::1 - - [20/May/2019:16:00:13 +0000] "OPTIONS /api/bookings HTTP/1.1" 204 0 "http://localhost:4200/viewBookings" "Mozilla/5.0 (Macintosh; Intel Mac OS X 10_13_6) AppleWebKit/537.36 (KHTML, like Gecko) Chrome/74.0.3729.131 Safari/537.36"
::1 - - [20/May/2019:16:00:13 +0000] "GET /api/bookings HTTP/1.1" 200 1402 "http://localhost:4200/viewBookings" "Mozilla/5.0 (Macintosh; Intel Mac OS X 10_13_6) AppleWebKit/537.36 (KHTML, like Gecko) Chrome/74.0.3729.131 Safari/537.36"
::1 - - [20/May/2019:16:00:30 +0000] "OPTIONS /api/bookings HTTP/1.1" 204 0 "http://localhost:4200/viewBookings" "Mozilla/5.0 (Macintosh; Intel Mac OS X 10_13_6) AppleWebKit/537.36 (KHTML, like Gecko) Chrome/74.0.3729.131 Safari/537.36"
::1 - - [20/May/2019:16:00:30 +0000] "GET /api/bookings HTTP/1.1" 200 1402 "http://localhost:4200/viewBookings" "Mozilla/5.0 (Macintosh; Intel Mac OS X 10_13_6) AppleWebKit/537.36 (KHTML, like Gecko) Chrome/74.0.3729.131 Safari/537.36"
::1 - - [20/May/2019:16:00:38 +0000] "OPTIONS /api/bookings HTTP/1.1" 204 0 "http://localhost:4200/viewBookings" "Mozilla/5.0 (Macintosh; Intel Mac OS X 10_13_6) AppleWebKit/537.36 (KHTML, like Gecko) Chrome/74.0.3729.131 Safari/537.36"
::1 - - [20/May/2019:16:00:38 +0000] "GET /api/bookings HTTP/1.1" 200 1402 "http://localhost:4200/viewBookings" "Mozilla/5.0 (Macintosh; Intel Mac OS X 10_13_6) AppleWebKit/537.36 (KHTML, like Gecko) Chrome/74.0.3729.131 Safari/537.36"
::1 - - [20/May/2019:16:01:13 +0000] "OPTIONS /auth/login HTTP/1.1" 204 0 "http://localhost:4200/login" "Mozilla/5.0 (Macintosh; Intel Mac OS X 10_13_6) AppleWebKit/537.36 (KHTML, like Gecko) Chrome/74.0.3729.131 Safari/537.36"
::1 - - [20/May/2019:16:01:13 +0000] "POST /auth/login HTTP/1.1" 200 298 "http://localhost:4200/login" "Mozilla/5.0 (Macintosh; Intel Mac OS X 10_13_6) AppleWebKit/537.36 (KHTML, like Gecko) Chrome/74.0.3729.131 Safari/537.36"
::1 - - [20/May/2019:16:01:18 +0000] "OPTIONS /api/bookings HTTP/1.1" 204 0 "http://localhost:4200/viewBookings" "Mozilla/5.0 (Macintosh; Intel Mac OS X 10_13_6) AppleWebKit/537.36 (KHTML, like Gecko) Chrome/74.0.3729.131 Safari/537.36"
::1 - - [20/May/2019:16:01:19 +0000] "GET /api/bookings HTTP/1.1" 200 1402 "http://localhost:4200/viewBookings" "Mozilla/5.0 (Macintosh; Intel Mac OS X 10_13_6) AppleWebKit/537.36 (KHTML, like Gecko) Chrome/74.0.3729.131 Safari/537.36"
::1 - - [20/May/2019:16:02:29 +0000] "OPTIONS /api/bookings HTTP/1.1" 204 0 "http://localhost:4200/viewBookings" "Mozilla/5.0 (Macintosh; Intel Mac OS X 10_13_6) AppleWebKit/537.36 (KHTML, like Gecko) Chrome/74.0.3729.131 Safari/537.36"
::1 - - [20/May/2019:16:02:29 +0000] "GET /api/bookings HTTP/1.1" 200 1402 "http://localhost:4200/viewBookings" "Mozilla/5.0 (Macintosh; Intel Mac OS X 10_13_6) AppleWebKit/537.36 (KHTML, like Gecko) Chrome/74.0.3729.131 Safari/537.36"
::1 - - [20/May/2019:16:03:09 +0000] "OPTIONS /auth/login HTTP/1.1" 204 0 "http://localhost:4200/login" "Mozilla/5.0 (Macintosh; Intel Mac OS X 10_13_6) AppleWebKit/537.36 (KHTML, like Gecko) Chrome/74.0.3729.131 Safari/537.36"
::1 - - [20/May/2019:16:03:09 +0000] "POST /auth/login HTTP/1.1" 200 298 "http://localhost:4200/login" "Mozilla/5.0 (Macintosh; Intel Mac OS X 10_13_6) AppleWebKit/537.36 (KHTML, like Gecko) Chrome/74.0.3729.131 Safari/537.36"
::1 - - [20/May/2019:16:03:16 +0000] "OPTIONS /api/bookings HTTP/1.1" 204 0 "http://localhost:4200/viewBookings" "Mozilla/5.0 (Macintosh; Intel Mac OS X 10_13_6) AppleWebKit/537.36 (KHTML, like Gecko) Chrome/74.0.3729.131 Safari/537.36"
::1 - - [20/May/2019:16:03:16 +0000] "GET /api/bookings HTTP/1.1" 200 1402 "http://localhost:4200/viewBookings" "Mozilla/5.0 (Macintosh; Intel Mac OS X 10_13_6) AppleWebKit/537.36 (KHTML, like Gecko) Chrome/74.0.3729.131 Safari/537.36"
::1 - - [20/May/2019:16:04:22 +0000] "OPTIONS /api/bookings HTTP/1.1" 204 0 "http://localhost:4200/viewBookings" "Mozilla/5.0 (Macintosh; Intel Mac OS X 10_13_6) AppleWebKit/537.36 (KHTML, like Gecko) Chrome/74.0.3729.131 Safari/537.36"
::1 - - [20/May/2019:16:04:23 +0000] "GET /api/bookings HTTP/1.1" 200 1402 "http://localhost:4200/viewBookings" "Mozilla/5.0 (Macintosh; Intel Mac OS X 10_13_6) AppleWebKit/537.36 (KHTML, like Gecko) Chrome/74.0.3729.131 Safari/537.36"
::1 - - [20/May/2019:16:04:36 +0000] "OPTIONS /api/bookings/undefined HTTP/1.1" 204 0 "http://localhost:4200/view-bookings" "Mozilla/5.0 (Macintosh; Intel Mac OS X 10_13_6) AppleWebKit/537.36 (KHTML, like Gecko) Chrome/74.0.3729.131 Safari/537.36"
::1 - - [20/May/2019:16:04:36 +0000] "GET /api/bookings/undefined HTTP/1.1" 200 32 "http://localhost:4200/view-bookings" "Mozilla/5.0 (Macintosh; Intel Mac OS X 10_13_6) AppleWebKit/537.36 (KHTML, like Gecko) Chrome/74.0.3729.131 Safari/537.36"
::1 - - [20/May/2019:16:07:45 +0000] "POST /api/booking HTTP/1.1" 200 486 "-" "PostmanRuntime/7.1.1"
::1 - - [20/May/2019:16:09:48 +0000] "POST /api/booking HTTP/1.1" 200 486 "-" "PostmanRuntime/7.1.1"
::1 - - [20/May/2019:16:19:33 +0000] "GET /api/bookings/5ce2b138274d0e8da9407320 HTTP/1.1" 200 32 "-" "PostmanRuntime/7.1.1"
::1 - - [20/May/2019:16:20:16 +0000] "OPTIONS /api/bookings/undefined HTTP/1.1" 204 0 "http://localhost:4200/view-bookings" "Mozilla/5.0 (Macintosh; Intel Mac OS X 10_13_6) AppleWebKit/537.36 (KHTML, like Gecko) Chrome/74.0.3729.131 Safari/537.36"
::1 - - [20/May/2019:16:20:16 +0000] "GET /api/bookings/undefined HTTP/1.1" 200 32 "http://localhost:4200/view-bookings" "Mozilla/5.0 (Macintosh; Intel Mac OS X 10_13_6) AppleWebKit/537.36 (KHTML, like Gecko) Chrome/74.0.3729.131 Safari/537.36"
::1 - - [20/May/2019:16:26:09 +0000] "OPTIONS /api/bookings/undefined HTTP/1.1" 204 0 "http://localhost:4200/view-bookings" "Mozilla/5.0 (Macintosh; Intel Mac OS X 10_13_6) AppleWebKit/537.36 (KHTML, like Gecko) Chrome/74.0.3729.131 Safari/537.36"
::1 - - [20/May/2019:16:26:10 +0000] "GET /api/bookings/undefined HTTP/1.1" 200 32 "http://localhost:4200/view-bookings" "Mozilla/5.0 (Macintosh; Intel Mac OS X 10_13_6) AppleWebKit/537.36 (KHTML, like Gecko) Chrome/74.0.3729.131 Safari/537.36"
::1 - - [20/May/2019:16:27:39 +0000] "OPTIONS /api/bookings/undefined HTTP/1.1" 204 0 "http://localhost:4200/view-bookings" "Mozilla/5.0 (Macintosh; Intel Mac OS X 10_13_6) AppleWebKit/537.36 (KHTML, like Gecko) Chrome/74.0.3729.131 Safari/537.36"
::1 - - [20/May/2019:16:27:39 +0000] "GET /api/bookings/undefined HTTP/1.1" 200 32 "http://localhost:4200/view-bookings" "Mozilla/5.0 (Macintosh; Intel Mac OS X 10_13_6) AppleWebKit/537.36 (KHTML, like Gecko) Chrome/74.0.3729.131 Safari/537.36"
::1 - - [20/May/2019:16:29:14 +0000] "OPTIONS /api/bookings/undefined HTTP/1.1" 204 0 "http://localhost:4200/view-bookings" "Mozilla/5.0 (Macintosh; Intel Mac OS X 10_13_6) AppleWebKit/537.36 (KHTML, like Gecko) Chrome/74.0.3729.131 Safari/537.36"
::1 - - [20/May/2019:16:29:15 +0000] "GET /api/bookings/undefined HTTP/1.1" 200 32 "http://localhost:4200/view-bookings" "Mozilla/5.0 (Macintosh; Intel Mac OS X 10_13_6) AppleWebKit/537.36 (KHTML, like Gecko) Chrome/74.0.3729.131 Safari/537.36"
::1 - - [20/May/2019:16:30:11 +0000] "OPTIONS /api/bookings/undefined HTTP/1.1" 204 0 "http://localhost:4200/view-bookings" "Mozilla/5.0 (Macintosh; Intel Mac OS X 10_13_6) AppleWebKit/537.36 (KHTML, like Gecko) Chrome/74.0.3729.131 Safari/537.36"
::1 - - [20/May/2019:16:30:12 +0000] "GET /api/bookings/undefined HTTP/1.1" 200 32 "http://localhost:4200/view-bookings" "Mozilla/5.0 (Macintosh; Intel Mac OS X 10_13_6) AppleWebKit/537.36 (KHTML, like Gecko) Chrome/74.0.3729.131 Safari/537.36"
::1 - - [20/May/2019:16:30:59 +0000] "OPTIONS /api/bookings/undefined HTTP/1.1" 204 0 "http://localhost:4200/view-bookings" "Mozilla/5.0 (Macintosh; Intel Mac OS X 10_13_6) AppleWebKit/537.36 (KHTML, like Gecko) Chrome/74.0.3729.131 Safari/537.36"
::1 - - [20/May/2019:16:31:00 +0000] "GET /api/bookings/undefined HTTP/1.1" 200 32 "http://localhost:4200/view-bookings" "Mozilla/5.0 (Macintosh; Intel Mac OS X 10_13_6) AppleWebKit/537.36 (KHTML, like Gecko) Chrome/74.0.3729.131 Safari/537.36"
::1 - - [20/May/2019:16:31:37 +0000] "OPTIONS /api/bookings/undefined HTTP/1.1" 204 0 "http://localhost:4200/view-bookings" "Mozilla/5.0 (Macintosh; Intel Mac OS X 10_13_6) AppleWebKit/537.36 (KHTML, like Gecko) Chrome/74.0.3729.131 Safari/537.36"
::1 - - [20/May/2019:16:31:37 +0000] "GET /api/bookings/undefined HTTP/1.1" 200 32 "http://localhost:4200/view-bookings" "Mozilla/5.0 (Macintosh; Intel Mac OS X 10_13_6) AppleWebKit/537.36 (KHTML, like Gecko) Chrome/74.0.3729.131 Safari/537.36"
::1 - - [20/May/2019:16:35:40 +0000] "OPTIONS /api/bookings/undefined HTTP/1.1" 204 0 "http://localhost:4200/view-bookings" "Mozilla/5.0 (Macintosh; Intel Mac OS X 10_13_6) AppleWebKit/537.36 (KHTML, like Gecko) Chrome/74.0.3729.131 Safari/537.36"
::1 - - [20/May/2019:16:35:40 +0000] "GET /api/bookings/undefined HTTP/1.1" 200 32 "http://localhost:4200/view-bookings" "Mozilla/5.0 (Macintosh; Intel Mac OS X 10_13_6) AppleWebKit/537.36 (KHTML, like Gecko) Chrome/74.0.3729.131 Safari/537.36"
::1 - - [20/May/2019:16:38:23 +0000] "POST /api/booking HTTP/1.1" 200 1025 "-" "PostmanRuntime/7.1.1"
::1 - - [20/May/2019:16:45:14 +0000] "OPTIONS /api/bookings/hong HTTP/1.1" 204 0 "http://localhost:4200/view-bookings" "Mozilla/5.0 (Macintosh; Intel Mac OS X 10_13_6) AppleWebKit/537.36 (KHTML, like Gecko) Chrome/74.0.3729.131 Safari/537.36"
::1 - - [20/May/2019:16:45:14 +0000] "GET /api/bookings/hong HTTP/1.1" - - "http://localhost:4200/view-bookings" "Mozilla/5.0 (Macintosh; Intel Mac OS X 10_13_6) AppleWebKit/537.36 (KHTML, like Gecko) Chrome/74.0.3729.131 Safari/537.36"
::1 - - [20/May/2019:16:45:20 +0000] "OPTIONS /api/bookings/hong HTTP/1.1" 204 0 "http://localhost:4200/view-bookings" "Mozilla/5.0 (Macintosh; Intel Mac OS X 10_13_6) AppleWebKit/537.36 (KHTML, like Gecko) Chrome/74.0.3729.131 Safari/537.36"
::1 - - [20/May/2019:16:45:21 +0000] "GET /api/bookings/hong HTTP/1.1" 200 32 "http://localhost:4200/view-bookings" "Mozilla/5.0 (Macintosh; Intel Mac OS X 10_13_6) AppleWebKit/537.36 (KHTML, like Gecko) Chrome/74.0.3729.131 Safari/537.36"
::1 - - [20/May/2019:17:17:59 +0000] "OPTIONS /api/bookings/hong HTTP/1.1" 204 0 "http://localhost:4200/view-bookings" "Mozilla/5.0 (Macintosh; Intel Mac OS X 10_13_6) AppleWebKit/537.36 (KHTML, like Gecko) Chrome/74.0.3729.131 Safari/537.36"
::1 - - [20/May/2019:17:17:59 +0000] "GET /api/bookings/hong HTTP/1.1" 200 32 "http://localhost:4200/view-bookings" "Mozilla/5.0 (Macintosh; Intel Mac OS X 10_13_6) AppleWebKit/537.36 (KHTML, like Gecko) Chrome/74.0.3729.131 Safari/537.36"
